12/18/2022 11:26:24 AM	This log contains information about the import schema operation into project 'MovieDb' on computer 'HUYNV_ASUS' by user 'Huynv'.
12/18/2022 11:26:24 AM	Import of database schema has started.
12/18/2022 11:26:32 AM	Gathering database credentials
12/18/2022 11:26:32 AM	Gathering database options
12/18/2022 11:26:32 AM	Gathering generic database scoped configuration option
12/18/2022 11:26:32 AM	Gathering users
12/18/2022 11:26:32 AM	Gathering roles
12/18/2022 11:26:32 AM	Gathering application roles
12/18/2022 11:26:32 AM	Gathering role memberships
12/18/2022 11:26:32 AM	Gathering filegroups
12/18/2022 11:26:32 AM	Gathering full-text catalogs
12/18/2022 11:26:32 AM	Gathering assemblies
12/18/2022 11:26:32 AM	Gathering certificates
12/18/2022 11:26:32 AM	Gathering asymmetric keys
12/18/2022 11:26:32 AM	Gathering symmetric keys
12/18/2022 11:26:32 AM	Gathering encrypted symmetric keys
12/18/2022 11:26:32 AM	Gathering schemas
12/18/2022 11:26:32 AM	Gathering XML schema collections
12/18/2022 11:26:32 AM	Gathering user-defined data types
12/18/2022 11:26:32 AM	Gathering user-defined types
12/18/2022 11:26:32 AM	Gathering table types
12/18/2022 11:26:32 AM	Gathering unique keys for table types
12/18/2022 11:26:32 AM	Gathering primary keys for table types
12/18/2022 11:26:32 AM	Gathering indexes for table types
12/18/2022 11:26:32 AM	Gathering check constraints for table types
12/18/2022 11:26:32 AM	Gathering default constraints for table types
12/18/2022 11:26:32 AM	Gathering partition functions
12/18/2022 11:26:32 AM	Gathering partition schemes
12/18/2022 11:26:32 AM	Gathering functions
12/18/2022 11:26:32 AM	Gathering encrypted functions
12/18/2022 11:26:32 AM	Gathering aggregates
12/18/2022 11:26:32 AM	Gathering procedures
12/18/2022 11:26:32 AM	Gathering encrypted procedures
12/18/2022 11:26:32 AM	Gathering tables
12/18/2022 11:26:32 AM	Gathering primary keys
12/18/2022 11:26:32 AM	Gathering unique constraints
12/18/2022 11:26:32 AM	Gathering foreign keys
12/18/2022 11:26:32 AM	Gathering default constraints
12/18/2022 11:26:32 AM	Gathering check constraints
12/18/2022 11:26:32 AM	Gathering views
12/18/2022 11:26:32 AM	Gathering encrypted views
12/18/2022 11:26:32 AM	Gathering indexes
12/18/2022 11:26:32 AM	Gathering statistics
12/18/2022 11:26:32 AM	Gathering full-text index stoplists
12/18/2022 11:26:32 AM	Gathering search property lists
12/18/2022 11:26:32 AM	Gathering search properties
12/18/2022 11:26:32 AM	Gathering full-text indexes
12/18/2022 11:26:32 AM	Gathering column store indexes
12/18/2022 11:26:32 AM	Gathering spatial indexes
12/18/2022 11:26:32 AM	Gathering XML indexes
12/18/2022 11:26:32 AM	Gathering Selective XML indexes
12/18/2022 11:26:32 AM	Gathering encrypted triggers
12/18/2022 11:26:32 AM	Gathering triggers
12/18/2022 11:26:32 AM	Gathering encrypted and clr ddl triggers
12/18/2022 11:26:32 AM	Gathering ddl triggers
12/18/2022 11:26:32 AM	Creating edge constraints
12/18/2022 11:26:32 AM	Gathering synonyms
12/18/2022 11:26:32 AM	Gathering defaults
12/18/2022 11:26:32 AM	Gathering data constraint uddt bindings
12/18/2022 11:26:32 AM	Gathering rules
12/18/2022 11:26:32 AM	Gathering data constraint uddt bindings
12/18/2022 11:26:32 AM	Gathering message types
12/18/2022 11:26:32 AM	Gathering queues
12/18/2022 11:26:32 AM	Gathering contracts
12/18/2022 11:26:32 AM	Gathering services
12/18/2022 11:26:32 AM	Gathering event notifications
12/18/2022 11:26:32 AM	Gathering remote service bindings
12/18/2022 11:26:32 AM	Gathering broker priorities
12/18/2022 11:26:32 AM	Gathering signatures
12/18/2022 11:26:32 AM	Gathering data compression options
12/18/2022 11:26:32 AM	Gathering sequence types
12/18/2022 11:26:32 AM	Gathering security policies
12/18/2022 11:26:32 AM	Gather column encryption keys
12/18/2022 11:26:32 AM	Gathering column master keys
12/18/2022 11:26:32 AM	Gathering external data sources
12/18/2022 11:26:32 AM	Gathering external file formats
12/18/2022 11:26:32 AM	Gathering external tables
12/18/2022 11:26:32 AM	Gathering extended properties
12/18/2022 11:26:32 AM	Gathering assemblies
12/18/2022 11:26:32 AM	Gathering credentials
12/18/2022 11:26:32 AM	Gathering logins
12/18/2022 11:26:32 AM	Gathering server audits
12/18/2022 11:26:32 AM	Scanning project for duplicate elements
12/18/2022 11:26:32 AM	Finished duplicate element processing
12/18/2022 11:26:33 AM	Finished importing database.
12/18/2022 11:26:33 AM	A summary of the import was saved to the following location: D:\Git\Scratch\Scratch\MovieDb\Import Schema Logs\MovieDb_20221218042624.log
12/18/2022 11:26:33 AM	Click Finish to continue...
